MakeNSIS v3.03 - Copyright 1999-2018 Contributors
See the file COPYING for license details.
Credits can be found in the Users Manual.

Command line defined: "VERSIONMAJ=1"
Command line defined: "VERSIONMIN=6"
Command line defined: "VERSIONBLD=1"
Command line defined: "DISPLAYNAME=Obituary Filer 2"
Command line defined: "EXE_NAME=ObituaryFiler2.exe"
Command line defined: "PRODUCT_NAME=ObituaryFiler216"
Command line defined: "APP_NAME=ObituaryFiler2"
Command line defined: "FOLDER=.."
Changing directory to: "C:\Users\Alice\git\ObitFiler2\NewObitFilerProject\nsis"

Processing script file: "C:\Users\Alice\git\ObitFiler2\NewObitFilerProject\nsis\obitfiler2.nsi" (ACP)
Processing default plugins: "C:\Program Files (x86)\NSIS\Plugins\x86-ansi\*.dll"
 + Banner::destroy
 + Banner::getWindow
 + Banner::show
 + BgImage::AddImage
 + BgImage::AddText
 + BgImage::Clear
 + BgImage::Destroy
 + BgImage::Redraw
 + BgImage::SetBg
 + BgImage::SetReturn
 + BgImage::Sound
 + Dialer::AttemptConnect
 + Dialer::AutodialHangup
 + Dialer::AutodialOnline
 + Dialer::AutodialUnattended
 + Dialer::GetConnectedState
 + InstallOptions::dialog
 + InstallOptions::initDialog
 + InstallOptions::show
 + LangDLL::LangDialog
 + Math::Script
 + StartMenu::Init
 + StartMenu::Select
 + StartMenu::Show
 + System::Alloc
 + System::Call
 + System::Copy
 + System::Free
 + System::Get
 + System::Int64Op
 + System::Store
 + System::StrAlloc
 + TypeLib::GetLibVersion
 + TypeLib::Register
 + TypeLib::UnRegister
 + UserInfo::GetAccountType
 + UserInfo::GetName
 + UserInfo::GetOriginalAccountType
 + VPatch::GetFileCRC32
 + VPatch::GetFileMD5
 + VPatch::vpatchfile
 + advsplash::show
 + nsDialogs::Create
 + nsDialogs::CreateControl
 + nsDialogs::CreateItem
 + nsDialogs::CreateTimer
 + nsDialogs::GetUserData
 + nsDialogs::KillTimer
 + nsDialogs::OnBack
 + nsDialogs::OnChange
 + nsDialogs::OnClick
 + nsDialogs::OnNotify
 + nsDialogs::SelectFileDialog
 + nsDialogs::SelectFolderDialog
 + nsDialogs::SetRTL
 + nsDialogs::SetUserData
 + nsDialogs::Show
 + nsExec::Exec
 + nsExec::ExecToLog
 + nsExec::ExecToStack
 + nsisdl::download
 + nsisdl::download_quiet
 + splash::show

!define: "APPNAME"="ObituaryFiler2"
!define: "DISPNAME"="Obituary Filer 2"
!define: "PROGRAMFILE"="ObituaryFiler2.exe"
!define: "ICON"="dove_purple.ico"
!define: "ICONFULLPATH"="..\images\dove_purple.ico"
!define: "UNINSTNAME"="unObituaryFiler2.exe"
!define: "PUBLISHER"="Obituary Daily Times"
!define: "VERSIONMAJOR"="1"
!define: "VERSIONMINOR"="6"
!define: "VERSIONBUILD"="1"
!define: "VERSIONSTRING"="ObituaryFiler216"
!define: "VERSIONDOTTED"="1.6.1"
!define: "INSTALLSIZE"="136"
!include: "C:\Program Files (x86)\NSIS\Include\MUI2.nsh" (ACP)
!include: "C:\Program Files (x86)\NSIS\Contrib\Modern UI 2\MUI2.nsh" (ACP)
NSIS Modern User Interface version 2.1 - Copyright 2002-2018 Joost Verburg (C:\Program Files (x86)\NSIS\Contrib\Modern UI 2\MUI2.nsh:14)
!include: closed: "C:\Program Files (x86)\NSIS\Contrib\Modern UI 2\MUI2.nsh"
!include: closed: "C:\Program Files (x86)\NSIS\Include\MUI2.nsh"
!include: "C:\Program Files (x86)\NSIS\Include\LogicLib.nsh" (ACP)
!include: closed: "C:\Program Files (x86)\NSIS\Include\LogicLib.nsh"
!include: "C:\Program Files (x86)\NSIS\Include\FileFunc.nsh" (ACP)
!include: closed: "C:\Program Files (x86)\NSIS\Include\FileFunc.nsh"
Name: "Obituary Filer 2"
Icon: "..\images\dove_purple.ico"
OutFile: "ObituaryFiler216ins.exe"
InstallDir: "$PROGRAMFILES\ObituaryFiler2"
InstallRegKey: "HKCU\Software\ObituaryFiler2\"
Var: "StartMenuFolder"
!define: "MUI_ICON"="..\images\dove_purple.ico"
!define: "MUI_UNICON"="..\images\dove_purple.ico"
!define: "MUI_ABORTWARNING"=""
!define: "MUI_FINISHPAGE_NOAUTOCLOSE"=""
!insertmacro: MUI_PAGE_WELCOME
!insertmacro: end of MUI_PAGE_WELCOME
!insertmacro: MUI_PAGE_DIRECTORY
!insertmacro: end of MUI_PAGE_DIRECTORY
!define: "MUI_STARTMENUPAGE_REGISTRY_ROOT"="HKCU"
!define: "MUI_STARTMENUPAGE_REGISTRY_KEY"="Software\ObituaryFiler2"
!define: "MUI_STARTMENUPAGE_REGISTRY_VALUENAME"="Start Menu Folder"
!insertmacro: MUI_PAGE_STARTMENU
!insertmacro: end of MUI_PAGE_STARTMENU
!insertmacro: MUI_PAGE_INSTFILES
!insertmacro: end of MUI_PAGE_INSTFILES
!insertmacro: MUI_UNPAGE_CONFIRM
!insertmacro: end of MUI_UNPAGE_CONFIRM
!insertmacro: MUI_UNPAGE_INSTFILES
!insertmacro: end of MUI_UNPAGE_INSTFILES
!insertmacro: MUI_PAGE_FINISH
!insertmacro: end of MUI_PAGE_FINISH
!insertmacro: MUI_LANGUAGE
!insertmacro: end of MUI_LANGUAGE
Function: ".onInit"
SetShellVarContext: all
!insertmacro: VerifyUserIsAdmin
File: "UserInfo.dll"->"$PLUGINSDIR\UserInfo.dll" [compress] 1328/4096 bytes
Plugin command: GetAccountType
Pop: $0
!insertmacro: _If
!insertmacro: end of _If
MessageBox: 16: "Administrator rights required!"
SetErrorLevel: 740
Quit
!insertmacro: _EndIf
!insertmacro: end of _EndIf
!insertmacro: end of VerifyUserIsAdmin
FunctionEnd
Section: ""
SetOutPath: "$INSTDIR"
File: "ObituaryFiler2.exe" [compress] 366008/476343 bytes
File: "dove_purple.ico" [compress] 28424/102134 bytes
WriteRegStr: HKLM\SOFTWARE\ObituaryFiler2\=$INSTDIR
WriteRegStr: HKLM\Software\Microsoft\Windows\CurrentVersion\Uninstall\ObituaryFiler2\DisplayName=Obituary Filer 2
WriteRegStr: HKLM\Software\Microsoft\Windows\CurrentVersion\Uninstall\ObituaryFiler2\UninstallString="$INSTDIR\unObituaryFiler2.exe"
WriteRegStr: HKLM\Software\Microsoft\Windows\CurrentVersion\Uninstall\ObituaryFiler2\InstallLocation="$INSTDIR"
WriteRegStr: HKLM\Software\Microsoft\Windows\CurrentVersion\Uninstall\ObituaryFiler2\DisplayIcon="$INSTDIR\dove_purple.ico"
WriteRegStr: HKLM\Software\Microsoft\Windows\CurrentVersion\Uninstall\ObituaryFiler2\Publisher=Obituary Daily Times
WriteRegStr: HKLM\Software\Microsoft\Windows\CurrentVersion\Uninstall\ObituaryFiler2\DisplayVersion=1.6.1
WriteRegDWORD: HKLM\Software\Microsoft\Windows\CurrentVersion\Uninstall\ObituaryFiler2\VersionMajor=1
WriteRegDWORD: HKLM\Software\Microsoft\Windows\CurrentVersion\Uninstall\ObituaryFiler2\VersionMinor=6
WriteRegDWORD: HKLM\Software\Microsoft\Windows\CurrentVersion\Uninstall\ObituaryFiler2\NoModify=1
WriteRegDWORD: HKLM\Software\Microsoft\Windows\CurrentVersion\Uninstall\ObituaryFiler2\NoRepair=1
WriteRegDWORD: HKLM\Software\Microsoft\Windows\CurrentVersion\Uninstall\ObituaryFiler2\EstimatedSize=136
WriteUninstaller: "$INSTDIR\unObituaryFiler2.exe"
!insertmacro: MUI_STARTMENU_WRITE_BEGIN
!insertmacro: end of MUI_STARTMENU_WRITE_BEGIN
CreateDirectory: "$SMPROGRAMS\$StartMenuFolder"
CreateShortcut: "$SMPROGRAMS\$StartMenuFolder\ObituaryFiler2.lnk"->"$INSTDIR\ObituaryFiler2.exe"  icon:$INSTDIR\dove_purple.ico,0, nwd=0, showmode=0x0, hotkey=0x0, comment=
CreateShortcut: "$SMPROGRAMS\$StartMenuFolder\Uninstall.lnk"->"$INSTDIR\unObituaryFiler2.exe"  icon:,0, nwd=0, showmode=0x0, hotkey=0x0, comment=
!insertmacro: MUI_STARTMENU_WRITE_END
!insertmacro: end of MUI_STARTMENU_WRITE_END
SetOutPath: "$DESKTOP"
CreateShortcut: "$DESKTOP\ObituaryFiler2.lnk"->"$INSTDIR\ObituaryFiler2.exe"  icon:$INSTDIR\dove_purple.ico,0, nwd=0, showmode=0x0, hotkey=0x0, comment=
SectionEnd
Section: "UserSetup"
Var: "ODTDIR"
StrCpy $ODTDIR "$PROFILE\ODT" () ()
CreateDirectory: "$ODTDIR"
Var: "LIBDIR"
StrCpy $LIBDIR "$ODTDIR\lib" () ()
SetOutPath: "$LIBDIR"
File: "abbrev.txt" [compress] 7261/17705 bytes
CreateDirectory: "$ODTDIR\appdata"
SectionEnd
Section: "Uninstall"
SetShellVarContext: all
Delete: "$DESKTOP\ObituaryFiler2.lnk"
!insertmacro: MUI_STARTMENU_GETFOLDER
!insertmacro: end of MUI_STARTMENU_GETFOLDER
Delete: "$SMPROGRAMS\$StartMenuFolder\Uninstall.lnk"
Delete: "$SMPROGRAMS\$StartMenuFolder\ObituaryFiler2.lnk"
RMDir: "$SMPROGRAMS\$StartMenuFolder"
Delete: "$INSTDIR\ObituaryFiler2.exe"
Delete: "$INSTDIR\dove_purple.ico"
DeleteRegKey: HKLM\SOFTWARE\ObituaryFiler2
DeleteRegKey: HKLM\Software\Microsoft\Windows\CurrentVersion\Uninstall\ObituaryFiler2
Delete: "$INSTDIR\unObituaryFiler2.exe"
RMDir: "$INSTDIR"
SectionEnd

Processed 1 file, writing output (x86-ansi):
Adding plug-ins initializing function... Done!
Processing pages... Done!
Removing unused resources... Done!
Generating language tables... Done!
Generating uninstaller... Done!

Output: "C:\Users\Alice\git\ObitFiler2\NewObitFilerProject\nsis\ObituaryFiler216ins.exe"
Install: 5 pages (320 bytes), 2 sections (4144 bytes), 460 instructions (12880 bytes), 227 strings (3774 bytes), 1 language table (318 bytes).
Uninstall: 2 pages (192 bytes), 1 section (2072 bytes), 64 instructions (1792 bytes), 106 strings (1538 bytes), 1 language table (250 bytes).
Datablock optimizer saved 1888 bytes (~0.3%).

Using zlib compression.

EXE header size:              138752 / 37888 bytes
Install code:                   3992 / 19828 bytes
Install data:                 419661 / 682494 bytes
Uninstall code+data:           30039 / 103716 bytes
CRC (0xA29BC5B5):                  4 / 4 bytes

Total size:                   592448 / 843930 bytes (70.2%)
